
> vayu-ui-registry@1.0.0 build
> tsup

CLI Building entry: src/index.ts
CLI Using tsconfig: tsconfig.json
CLI tsup v8.5.1
CLI Using tsup config: /Users/rugvedpatel/Desktop/Workspace/VedUI/packages/registry/tsup.config.ts
CLI Target: es2022
CLI Cleaning output folder
ESM Build start
✘ [ERROR] Expected "]" but found "{"

    src/components.ts:6:2:
      6 │   {
        │   ^
        ╵   ]

ESM Build failed
Error: Build failed with 1 error:
src/components.ts:6:2: ERROR: Expected "]" but found "{"
    at failureErrorWithLog (/Users/rugvedpatel/Desktop/Workspace/VedUI/node_modules/esbuild/lib/main.js:1467:15)
    at /Users/rugvedpatel/Desktop/Workspace/VedUI/node_modules/esbuild/lib/main.js:926:25
    at runOnEndCallbacks (/Users/rugvedpatel/Desktop/Workspace/VedUI/node_modules/esbuild/lib/main.js:1307:45)
    at buildResponseToResult (/Users/rugvedpatel/Desktop/Workspace/VedUI/node_modules/esbuild/lib/main.js:924:7)
    at /Users/rugvedpatel/Desktop/Workspace/VedUI/node_modules/esbuild/lib/main.js:951:16
    at responseCallbacks.<computed> (/Users/rugvedpatel/Desktop/Workspace/VedUI/node_modules/esbuild/lib/main.js:603:9)
    at handleIncomingPacket (/Users/rugvedpatel/Desktop/Workspace/VedUI/node_modules/esbuild/lib/main.js:658:12)
    at Socket.readFromStdout (/Users/rugvedpatel/Desktop/Workspace/VedUI/node_modules/esbuild/lib/main.js:581:7)
    at Socket.emit (node:events:519:28)
    at addChunk (node:internal/streams/readable:561:12)
