
> vayu-ui-cli@0.0.0 build
> shx rm -rf dist && tsup

[34mCLI[39m Building entry: src/index.ts, src/commands/add.ts, src/commands/create.ts, src/commands/init.ts, src/commands/list.ts, src/commands/update.ts, src/registry/templates.ts, src/utils/installer.ts
[34mCLI[39m Using tsconfig: tsconfig.json
[34mCLI[39m tsup v8.5.1
[34mCLI[39m Using tsup config: /Users/rugvedpatel/Desktop/Workspace/VedUI/packages/cli/tsup.config.ts
[34mCLI[39m Target: es2022
[34mCLI[39m Cleaning output folder
[34mESM[39m Build start
[32mESM[39m [1mdist/index.js                  [22m[32m178.00 B[39m
[32mESM[39m [1mdist/commands/list.js          [22m[32m2.59 KB[39m
[32mESM[39m [1mdist/registry/templates.js     [22m[32m183.00 B[39m
[32mESM[39m [1mdist/chunk-Q2PTTYRI.js         [22m[32m195.00 B[39m
[32mESM[39m [1mdist/utils/installer.js        [22m[32m343.00 B[39m
[32mESM[39m [1mdist/chunk-HYNSGMKT.js         [22m[32m3.97 KB[39m
[32mESM[39m [1mdist/commands/update.js        [22m[32m8.26 KB[39m
[32mESM[39m [1mdist/commands/init.js          [22m[32m10.90 KB[39m
[32mESM[39m [1mdist/commands/add.js           [22m[32m3.76 KB[39m
[32mESM[39m [1mdist/commands/create.js        [22m[32m5.00 KB[39m
[32mESM[39m [1mdist/chunk-67SZWWI6.js         [22m[32m1.31 KB[39m
[32mESM[39m [1mdist/index.js.map              [22m[32m71.00 B[39m
[32mESM[39m [1mdist/commands/list.js.map      [22m[32m4.46 KB[39m
[32mESM[39m [1mdist/chunk-Q2PTTYRI.js.map     [22m[32m634.00 B[39m
[32mESM[39m [1mdist/registry/templates.js.map [22m[32m71.00 B[39m
[32mESM[39m [1mdist/chunk-HYNSGMKT.js.map     [22m[32m9.10 KB[39m
[32mESM[39m [1mdist/commands/init.js.map      [22m[32m17.72 KB[39m
[32mESM[39m [1mdist/commands/create.js.map    [22m[32m9.64 KB[39m
[32mESM[39m [1mdist/commands/add.js.map       [22m[32m7.88 KB[39m
[32mESM[39m [1mdist/utils/installer.js.map    [22m[32m71.00 B[39m
[32mESM[39m [1mdist/commands/update.js.map    [22m[32m17.41 KB[39m
[32mESM[39m [1mdist/chunk-67SZWWI6.js.map     [22m[32m3.34 KB[39m
[32mESM[39m ⚡️ Build success in 13ms
[34mDTS[39m Build start
[32mDTS[39m ⚡️ Build success in 10921ms
[32mDTS[39m [1mdist/index.d.ts              [22m[32m101.00 B[39m
[32mDTS[39m [1mdist/commands/add.d.ts       [22m[32m557.00 B[39m
[32mDTS[39m [1mdist/commands/create.d.ts    [22m[32m678.00 B[39m
[32mDTS[39m [1mdist/commands/init.d.ts      [22m[32m518.00 B[39m
[32mDTS[39m [1mdist/commands/list.d.ts      [22m[32m500.00 B[39m
[32mDTS[39m [1mdist/commands/update.d.ts    [22m[32m681.00 B[39m
[32mDTS[39m [1mdist/registry/templates.d.ts [22m[32m846.00 B[39m
[32mDTS[39m [1mdist/utils/installer.d.ts    [22m[32m993.00 B[39m
